<?xml version="1.0" encoding="UTF-8"?>
<!-- Generated by org.testng.reporters.JUnitReportReporter -->
<testsuite hostname="DESKTOP-8TIEG1U" failures="0" tests="1" name="driverFactory.DriverScript" time="19.513" errors="0" timestamp="2023-10-04T23:05:43 IST" skipped="0">
  <testcase classname="driverFactory.DriverScript" name="startTest" time="19.513">
    <system-out>
      <![CDATA[No of rows are::10
Login success::dashboard    http://orangehrm.qedgetech.com/symfony/web/index.php/dashboard
Login Failed::dashboard   http://orangehrm.qedgetech.com/symfony/web/index.php/auth/validateCredentials
Login Failed::dashboard   http://orangehrm.qedgetech.com/symfony/web/index.php/auth/validateCredentials
Login Failed::dashboard   http://orangehrm.qedgetech.com/symfony/web/index.php/auth/login
Login success::dashboard    http://orangehrm.qedgetech.com/symfony/web/index.php/dashboard
Login Failed::dashboard   http://orangehrm.qedgetech.com/symfony/web/index.php/auth/login
Login success::dashboard    http://orangehrm.qedgetech.com/symfony/web/index.php/dashboard
Login Failed::dashboard   http://orangehrm.qedgetech.com/symfony/web/index.php/auth/login
Login success::dashboard    http://orangehrm.qedgetech.com/symfony/web/index.php/dashboard
Login Failed::dashboard   http://orangehrm.qedgetech.com/symfony/web/index.php/auth/validateCredentials]]>
    </system-out>
  </testcase> <!-- startTest -->
  <system-out>
    <![CDATA[No of rows are::10
Login success::dashboard    http://orangehrm.qedgetech.com/symfony/web/index.php/dashboard
Login Failed::dashboard   http://orangehrm.qedgetech.com/symfony/web/index.php/auth/validateCredentials
Login Failed::dashboard   http://orangehrm.qedgetech.com/symfony/web/index.php/auth/validateCredentials
Login Failed::dashboard   http://orangehrm.qedgetech.com/symfony/web/index.php/auth/login
Login success::dashboard    http://orangehrm.qedgetech.com/symfony/web/index.php/dashboard
Login Failed::dashboard   http://orangehrm.qedgetech.com/symfony/web/index.php/auth/login
Login success::dashboard    http://orangehrm.qedgetech.com/symfony/web/index.php/dashboard
Login Failed::dashboard   http://orangehrm.qedgetech.com/symfony/web/index.php/auth/login
Login success::dashboard    http://orangehrm.qedgetech.com/symfony/web/index.php/dashboard
Login Failed::dashboard   http://orangehrm.qedgetech.com/symfony/web/index.php/auth/validateCredentials]]>
  </system-out>
</testsuite> <!-- driverFactory.DriverScript -->
